#
# There is insufficient memory for the Java Runtime Environment to continue.
# Native memory allocation (malloc) failed to allocate 1048576 bytes for AllocateHeap
# Possible reasons:
#   The system is out of physical RAM or swap space
#   The process is running with CompressedOops enabled, and the Java Heap may be blocking the growth of the native heap
# Possible solutions:
#   Reduce memory load on the system
#   Increase physical memory or swap space
#   Check if swap backing store is full
#   Decrease Java heap size (-Xmx/-Xms)
#   Decrease number of Java threads
#   Decrease Java thread stack sizes (-Xss)
#   Set larger code cache with -XX:ReservedCodeCacheSize=
#   JVM is running with Unscaled Compressed Oops mode in which the Java heap is
#     placed in the first 4GB address space. The Java Heap base address is the
#     maximum limit for the native heap growth. Please use -XX:HeapBaseMinAddress
#     to set the Java Heap base and to place the Java Heap above 4GB virtual address.
# This output file may be truncated or incomplete.
#
#  Out of Memory Error (./src/hotspot/share/memory/allocation.cpp:46), pid=4388, tid=40688
#
# JRE version:  (11.0.14.1+1) (build )
# Java VM: OpenJDK 64-Bit Server VM (11.0.14.1+1, mixed mode, sharing, tiered, compressed oops, g1 gc, windows-amd64)
# No core dump will be written. Minidumps are not enabled by default on client versions of Windows
#

---------------  S U M M A R Y ------------

Command Line: -Dfile.encoding=UTF-8 org.gradle.launcher.GradleMain -Dorg.gradle.jvmargs=-Xmx4096m --stop

Host: Intel(R) Core(TM) i7-10750H CPU @ 2.60GHz, 12 cores, 15G,  Windows 11 , 64 bit Build 22621 (10.0.22621.4000)
Time: Wed Sep 11 11:54:08 2024 SE Asia Standard Time elapsed time: 0.034742 seconds (0d 0h 0m 0s)

---------------  T H R E A D  ---------------

Current thread (0x000001bcaa907800):  JavaThread "Unknown thread" [_thread_in_vm, id=40688, stack(0x0000009425000000,0x0000009425100000)]

Stack: [0x0000009425000000,0x0000009425100000]
Native frames: (J=compiled Java code, j=interpreted, Vv=VM code, C=native code)
V  [jvm.dll+0x61e59a]
V  [jvm.dll+0x7aaca9]
V  [jvm.dll+0x7ac398]
V  [jvm.dll+0x7aca73]
V  [jvm.dll+0x24f9b8]
V  [jvm.dll+0xb95d4]
V  [jvm.dll+0x2e0518]
V  [jvm.dll+0x784af7]
V  [jvm.dll+0x78628f]
V  [jvm.dll+0x35f479]
V  [jvm.dll+0x767aa0]
V  [jvm.dll+0x3ccf1f]
V  [jvm.dll+0x3cf2b1]
C  [jli.dll+0x5207]
C  [ucrtbase.dll+0x29333]
C  [KERNEL32.DLL+0x1257d]
C  [ntdll.dll+0x5af28]


---------------  P R O C E S S  ---------------

Threads class SMR info:
_java_thread_list=0x000001bca868b420, length=0, elements={
}

Java Threads: ( => current thread )

Other Threads:

=>0x000001bcaa907800 (exited) JavaThread "Unknown thread" [_thread_in_vm, id=40688, stack(0x0000009425000000,0x0000009425100000)]

Threads with active compile tasks:

VM state:not at safepoint (not fully initialized)

VM Mutex/Monitor currently owned by a thread: None


[error occurred during error reporting (printing compressed oops mode), id 0xc0000005, EXCEPTION_ACCESS_VIOLATION (0xc0000005) at pc=0x00007ffcb98f58d7]

GC Heap History (0 events):
No events

Deoptimization events (0 events):
No events

Classes redefined (0 events):
No events

Internal exceptions (0 events):
No events

Events (1 events):
Event: 0.022 Loaded shared library C:\Program Files\Unity\Hub\Editor\2022.3.29f1\Editor\Data\PlaybackEngines\AndroidPlayer\OpenJDK\bin\zip.dll


Dynamic libraries:
0x00007ff73bbb0000 - 0x00007ff73bbbd000 	C:\Program Files\Unity\Hub\Editor\2022.3.29f1\Editor\Data\PlaybackEngines\AndroidPlayer\OpenJDK\bin\java.exe
0x00007ffdce6d0000 - 0x00007ffdce8e7000 	C:\WINDOWS\SYSTEM32\ntdll.dll
0x00007ffdcce10000 - 0x00007ffdcced4000 	C:\WINDOWS\System32\KERNEL32.DLL
0x00007ffdcbe50000 - 0x00007ffdcc207000 	C:\WINDOWS\System32\KERNELBASE.dll
0x00007ffdcbb40000 - 0x00007ffdcbc51000 	C:\WINDOWS\System32\ucrtbase.dll
0x00007ffdacbc0000 - 0x00007ffdacbd5000 	C:\Program Files\Unity\Hub\Editor\2022.3.29f1\Editor\Data\PlaybackEngines\AndroidPlayer\OpenJDK\bin\VCRUNTIME140.dll
0x00007ffdaf700000 - 0x00007ffdaf717000 	C:\Program Files\Unity\Hub\Editor\2022.3.29f1\Editor\Data\PlaybackEngines\AndroidPlayer\OpenJDK\bin\jli.dll
0x00007ffdccaa0000 - 0x00007ffdccc4f000 	C:\WINDOWS\System32\USER32.dll
0x00007ffdb2ce0000 - 0x00007ffdb2f73000 	C:\WINDOWS\WinSxS\amd64_microsoft.windows.common-controls_6595b64144ccf1df_6.0.22621.3646_none_27105dd3738543d4\COMCTL32.dll
0x00007ffdcbe20000 - 0x00007ffdcbe46000 	C:\WINDOWS\System32\win32u.dll
0x00007ffdcc9f0000 - 0x00007ffdcca97000 	C:\WINDOWS\System32\msvcrt.dll
0x00007ffdcc400000 - 0x00007ffdcc429000 	C:\WINDOWS\System32\GDI32.dll
0x00007ffdcbd00000 - 0x00007ffdcbe19000 	C:\WINDOWS\System32\gdi32full.dll
0x00007ffdcbc60000 - 0x00007ffdcbcfa000 	C:\WINDOWS\System32\msvcp_win.dll
0x00007ffdce020000 - 0x00007ffdce051000 	C:\WINDOWS\System32\IMM32.DLL
0x00007ffcf53d0000 - 0x00007ffcf546b000 	C:\Program Files\Unity\Hub\Editor\2022.3.29f1\Editor\Data\PlaybackEngines\AndroidPlayer\OpenJDK\bin\msvcp140.dll
0x00007ffcb9170000 - 0x00007ffcb9cf1000 	C:\Program Files\Unity\Hub\Editor\2022.3.29f1\Editor\Data\PlaybackEngines\AndroidPlayer\OpenJDK\bin\server\jvm.dll
0x00007ffdcdf60000 - 0x00007ffdce012000 	C:\WINDOWS\System32\ADVAPI32.dll
0x00007ffdcd020000 - 0x00007ffdcd0c9000 	C:\WINDOWS\System32\sechost.dll
0x00007ffdcba50000 - 0x00007ffdcba78000 	C:\WINDOWS\System32\bcrypt.dll
0x00007ffdce570000 - 0x00007ffdce684000 	C:\WINDOWS\System32\RPCRT4.dll
0x00007ffdce080000 - 0x00007ffdce088000 	C:\WINDOWS\System32\PSAPI.DLL
0x00007ffdaae20000 - 0x00007ffdaae29000 	C:\WINDOWS\SYSTEM32\WSOCK32.dll
0x00007ffdc1010000 - 0x00007ffdc1044000 	C:\WINDOWS\SYSTEM32\WINMM.dll
0x00007ffdce4f0000 - 0x00007ffdce561000 	C:\WINDOWS\System32\WS2_32.dll
0x00007ffdc0b60000 - 0x00007ffdc0b6a000 	C:\WINDOWS\SYSTEM32\VERSION.dll
0x00007ffdcaae0000 - 0x00007ffdcaaf8000 	C:\WINDOWS\SYSTEM32\kernel.appcore.dll
0x00007ffdc30b0000 - 0x00007ffdc30c0000 	C:\Program Files\Unity\Hub\Editor\2022.3.29f1\Editor\Data\PlaybackEngines\AndroidPlayer\OpenJDK\bin\verify.dll
0x00007ffdc9370000 - 0x00007ffdc95a2000 	C:\WINDOWS\SYSTEM32\DBGHELP.DLL
0x00007ffdce090000 - 0x00007ffdce41e000 	C:\WINDOWS\System32\combase.dll
0x00007ffdccf40000 - 0x00007ffdcd017000 	C:\WINDOWS\System32\OLEAUT32.dll
0x00007ffdbd8f0000 - 0x00007ffdbd922000 	C:\WINDOWS\SYSTEM32\dbgcore.DLL
0x00007ffdcc380000 - 0x00007ffdcc3fb000 	C:\WINDOWS\System32\bcryptPrimitives.dll
0x00007ffda6e00000 - 0x00007ffda6e28000 	C:\Program Files\Unity\Hub\Editor\2022.3.29f1\Editor\Data\PlaybackEngines\AndroidPlayer\OpenJDK\bin\java.dll
0x00007ffda6f50000 - 0x00007ffda6f5a000 	C:\Program Files\Unity\Hub\Editor\2022.3.29f1\Editor\Data\PlaybackEngines\AndroidPlayer\OpenJDK\bin\jimage.dll
0x00007ffd71860000 - 0x00007ffd71878000 	C:\Program Files\Unity\Hub\Editor\2022.3.29f1\Editor\Data\PlaybackEngines\AndroidPlayer\OpenJDK\bin\zip.dll

dbghelp: loaded successfully - version: 4.0.5 - missing functions: none
symbol engine: initialized successfully - sym options: 0x614 - pdb path: .;C:\Program Files\Unity\Hub\Editor\2022.3.29f1\Editor\Data\PlaybackEngines\AndroidPlayer\OpenJDK\bin;C:\WINDOWS\SYSTEM32;C:\WINDOWS\WinSxS\amd64_microsoft.windows.common-controls_6595b64144ccf1df_6.0.22621.3646_none_27105dd3738543d4;C:\Program Files\Unity\Hub\Editor\2022.3.29f1\Editor\Data\PlaybackEngines\AndroidPlayer\OpenJDK\bin\server

VM Arguments:
jvm_args: -Dfile.encoding=UTF-8 
java_command: org.gradle.launcher.GradleMain -Dorg.gradle.jvmargs=-Xmx4096m --stop
java_class_path (initial): C:\Program Files\Unity\Hub\Editor\2022.3.29f1\Editor\Data\PlaybackEngines\AndroidPlayer\Tools\gradle\lib\gradle-launcher-7.2.jar
Launcher Type: SUN_STANDARD

[Global flags]
     intx CICompilerCount                          = 4                                         {product} {ergonomic}
     uint G1ConcRefinementThreads                  = 10                                        {product} {ergonomic}
   size_t G1HeapRegionSize                         = 1048576                                   {product} {ergonomic}
    uintx GCDrainStackTargetSize                   = 64                                        {product} {ergonomic}
   size_t InitialHeapSize                          = 266338304                                 {product} {ergonomic}
   size_t MaxHeapSize                              = 4232052736                                {product} {ergonomic}
   size_t MinHeapDeltaBytes                        = 1048576                                   {product} {ergonomic}
    uintx NonNMethodCodeHeapSize                   = 5836300                                {pd product} {ergonomic}
    uintx NonProfiledCodeHeapSize                  = 122910970                              {pd product} {ergonomic}
    uintx ProfiledCodeHeapSize                     = 122910970                              {pd product} {ergonomic}
    uintx ReservedCodeCacheSize                    = 251658240                              {pd product} {ergonomic}
     bool SegmentedCodeCache                       = true                                      {product} {ergonomic}
     bool UseCompressedClassPointers               = true                                 {lp64_product} {ergonomic}
     bool UseCompressedOops                        = true                                 {lp64_product} {ergonomic}
     bool UseG1GC                                  = true                                      {product} {ergonomic}
     bool UseLargePagesIndividualAllocation        = false                                  {pd product} {ergonomic}

Logging:
Log output configuration:
 #0: stdout all=warning uptime,level,tags
 #1: stderr all=off uptime,level,tags

Environment Variables:
JAVA_HOME=C:\Program Files\Unity\Hub\Editor\2022.3.29f1\Editor\Data\PlaybackEngines\AndroidPlayer\OpenJDK
JAVA_TOOL_OPTIONS=-Dfile.encoding=UTF-8
PATH=D:\Oculus\Support\oculus-runtime;C:\Program Files\NVIDIA GPU Computing Toolkit\CUDA\v12.5\bin;C:\Program Files\NVIDIA GPU Computing Toolkit\CUDA\v12.5\libnvvp;C:\Program Files\Common Files\Oracle\Java\javapath;C:\Program Files\Microsoft MPI\Bin\;C:\Program Files (x86)\VMware\VMware Workstation\bin\;C:\Program Files (x86)\Common Files\Intel\Shared Libraries\redist\intel64\compiler;C:\Windows\system32;C:\Windows;C:\Windows\System32\Wbem;C:\Windows\System32\WindowsPowerShell\v1.0\;C:\Windows\System32\OpenSSH\;C:\Program Files (x86)\NVIDIA Corporation\PhysX\Common;C:\WINDOWS\system32;C:\WINDOWS;C:\WINDOWS\System32\Wbem;C:\WINDOWS\System32\WindowsPowerShell\v1.0\;C:\WINDOWS\System32\OpenSSH\;D:\msys64\mingw64\bin;C:\Program Files\Microsoft SQL Server\150\Tools\Binn\;D:\anaconda3\Scripts\;D:\nodejs\;C:\Program Files\dotnet\;C:\Program Files (x86)\Calibre2\;D:\PuTTY\;D;C:\Program Files\Cloudflare\Cloudflare WARP\;C:\Program Files (x86)\cloudflared\.;C:\Program Files (x86)\Microsoft SQL Server\160\Tools\Binn\;C:\Program Files\Microsoft SQL Server\160\Tools\Binn\;C:\Program Files\Microsoft SQL Server\Client SDK\ODBC\170\Tools\Binn\;C:\Program Files\Microsoft SQL Server\160\DTS\Binn\;C:\Program Files (x86)\Microsoft SQL Server\160\DTS\Binn\;C:\Program Files\Azure Data Studio\bin;D:\Java\jdk-20\bin;C:\Program Files\MATLAB\R2022b\runtime\win64;C:\Program Files\MATLAB\R2022b\bin;C:\Program Files (x86)\GitHub CLI\;C:\Program Files\Go\bin;C:\Program Files\Docker\Docker\resources\bin;D:\Git\cmd;C:\Program Files\NVIDIA Corporation\Nsight Compute 2024.2.1\;C:\Program Files\NVIDIA Corporation\NVIDIA NvDLISR;C:\Program Files\WireGuard\;C:\Program Files (x86)\AOMEI\AOMEI Backupper\7.4.0;C:\Users\DELL\.cargo\bin;C:\Users\DELL\AppData\Local\Microsoft\WindowsApps;D:\Microsoft VS Code\bin;D:\anaconda3\Scripts;D:\anaconda3;C:\Users\DELL\AppData\Roaming\npm;D:\Microsoft Visual Studio\Source\repos\New folder\vcpkg;D:\CMake\bin;D:\doxygen\bin;D:\Nmap;D:\anaconda3\Lib\site-packages;C:\Program 
USERNAME=DELL
OS=Windows_NT
PROCESSOR_IDENTIFIER=Intel64 Family 6 Model 165 Stepping 2, GenuineIntel



---------------  S Y S T E M  ---------------

OS: Windows 11 , 64 bit Build 22621 (10.0.22621.4000)
OS uptime: 1 days 17:37 hours
Hyper-V role detected

CPU:total 12 (initial active 12) (6 cores per cpu, 2 threads per core) family 6 model 165 stepping 2 microcode 0xf8, cmov, cx8, fxsr, mmx, sse, sse2, sse3, ssse3, sse4.1, sse4.2, popcnt, avx, avx2, aes, clmul, erms, 3dnowpref, lzcnt, ht, tsc, tscinvbit, bmi1, bmi2, adx, fma

Memory: 4k page, system-wide physical 16143M (2023M free)
TotalPageFile size 57546M (AvailPageFile size 6M)
current process WorkingSet (physical memory assigned to process): 10M, peak: 10M
current process commit charge ("private bytes"): 20M, peak: 21M

vm_info: OpenJDK 64-Bit Server VM (11.0.14.1+1) for windows-amd64 JRE (11.0.14.1+1), built on Feb  9 2022 01:48:27 by "" with unknown MS VC++:1916

END.
